[1A[1B[0G[?25l[+] Building 0.0s (0/0)  docker:desktop-linux
[?25h[1A[0G[?25l[+] Building 0.0s (0/0)  docker:desktop-linux
[?25h[1A[0G[?25l[+] Building 0.0s (0/0)  docker:desktop-linux
[?25h[1A[0G[?25l[+] Building 0.0s (0/1)                                    docker:desktop-linux
[?25h[1A[0G[?25l[+] Building 0.2s (1/2)                                    docker:desktop-linux
[36m => [internal] load build definition from Dockerfile                       0.0s
[0m[36m => => transferring dockerfile: 352B                                       0.0s
[0m => [internal] load metadata for docker.io/oven/bun:latest                 0.1s
[?25h[1A[1A[1A[1A[0G[?25l[+] Building 0.3s (1/2)                                    docker:desktop-linux
[36m => [internal] load build definition from Dockerfile                       0.0s
[0m[36m => => transferring dockerfile: 352B                                       0.0s
[0m => [internal] load metadata for docker.io/oven/bun:latest                 0.3s
[?25h[1A[1A[1A[1A[0G[?25l[+] Building 0.3s (2/2)                                    docker:desktop-linux
[36m => [internal] load build definition from Dockerfile                       0.0s
[0m[36m => => transferring dockerfile: 352B                                       0.0s
[0m[36m => [internal] load metadata for docker.io/oven/bun:latest                 0.3s
[0m[?25h[1A[1A[1A[1A[0G[?25l[+] Building 0.5s (9/13)                                   docker:desktop-linux
[36m => => transferring context: 74B                                           0.0s
[0m[36m => [builder 1/8] FROM docker.io/oven/bun:latest@sha256:9a45ebd9a1e540317  0.0s
[0m[36m => [internal] load build context                                          0.0s
[0m[36m => => transferring context: 18.93kB                                       0.0s
[0m[36m => CACHED [builder 2/8] WORKDIR /app                                      0.0s
[0m[36m => CACHED [builder 3/8] COPY package.json ./                              0.0s
[0m[36m => CACHED [builder 4/8] RUN bun install                                   0.0s
[0m[36m => [builder 5/8] COPY . .                                                 0.1s
[0m[?25h[1A[1A[1A[1A[1A[1A[1A[1A[1A[0G[?25l[+] Building 0.7s (9/13)                                   docker:desktop-linux
[36m => [builder 1/8] FROM docker.io/oven/bun:latest@sha256:9a45ebd9a1e540317  0.0s
[0m[36m => [internal] load build context                                          0.0s
[0m[36m => => transferring context: 18.93kB                                       0.0s
[0m[36m => CACHED [builder 2/8] WORKDIR /app                                      0.0s
[0m[36m => CACHED [builder 3/8] COPY package.json ./                              0.0s
[0m[36m => CACHED [builder 4/8] RUN bun install                                   0.0s
[0m[36m => [builder 5/8] COPY . .                                                 0.1s
[0m => [builder 6/8] RUN bun run db:push                                      0.1s
[?25h[1A[1A[1A[1A[1A[1A[1A[1A[1A[0G[?25l[+] Building 0.8s (9/13)                                   docker:desktop-linux
[36m => [builder 1/8] FROM docker.io/oven/bun:latest@sha256:9a45ebd9a1e540317  0.0s
[0m[36m => [internal] load build context                                          0.0s
[0m[36m => => transferring context: 18.93kB                                       0.0s
[0m[36m => CACHED [builder 2/8] WORKDIR /app                                      0.0s
[0m[36m => CACHED [builder 3/8] COPY package.json ./                              0.0s
[0m[36m => CACHED [builder 4/8] RUN bun install                                   0.0s
[0m[36m => [builder 5/8] COPY . .                                                 0.1s
[0m => [builder 6/8] RUN bun run db:push                                      0.3s
[?25h[1A[1A[1A[1A[1A[1A[1A[1A[1A[0G[?25l[+] Building 0.9s (9/13)                                   docker:desktop-linux
[36m => [builder 1/8] FROM docker.io/oven/bun:latest@sha256:9a45ebd9a1e540317  0.0s
[0m[36m => [internal] load build context                                          0.0s
[0m[36m => => transferring context: 18.93kB                                       0.0s
[0m[36m => CACHED [builder 2/8] WORKDIR /app                                      0.0s
[0m[36m => CACHED [builder 3/8] COPY package.json ./                              0.0s
[0m[36m => CACHED [builder 4/8] RUN bun install                                   0.0s
[0m[36m => [builder 5/8] COPY . .                                                 0.1s
[0m => [builder 6/8] RUN bun run db:push                                      0.4s
[?25h[1A[1A[1A[1A[1A[1A[1A[1A[1A[0G[?25l[+] Building 1.1s (9/13)                                   docker:desktop-linux
[36m => [builder 1/8] FROM docker.io/oven/bun:latest@sha256:9a45ebd9a1e540317  0.0s
[0m[36m => [internal] load build context                                          0.0s
[0m[36m => => transferring context: 18.93kB                                       0.0s
[0m[36m => CACHED [builder 2/8] WORKDIR /app                                      0.0s
[0m[36m => CACHED [builder 3/8] COPY package.json ./                              0.0s
[0m[36m => CACHED [builder 4/8] RUN bun install                                   0.0s
[0m[36m => [builder 5/8] COPY . .                                                 0.1s
[0m => [builder 6/8] RUN bun run db:push                                      0.5s
[?25h[1A[1A[1A[1A[1A[1A[1A[1A[1A[0G[?25l[+] Building 1.2s (9/13)                                   docker:desktop-linux
[36m => [builder 1/8] FROM docker.io/oven/bun:latest@sha256:9a45ebd9a1e540317  0.0s
[0m[36m => [internal] load build context                                          0.0s
[0m[36m => => transferring context: 18.93kB                                       0.0s
[0m[36m => CACHED [builder 2/8] WORKDIR /app                                      0.0s
[0m[36m => CACHED [builder 3/8] COPY package.json ./                              0.0s
[0m[36m => CACHED [builder 4/8] RUN bun install                                   0.0s
[0m[36m => [builder 5/8] COPY . .                                                 0.1s
[0m => [builder 6/8] RUN bun run db:push                                      0.7s
[?25h[1A[1A[1A[1A[1A[1A[1A[1A[1A[0G[?25l[+] Building 1.4s (9/13)                                   docker:desktop-linux
[36m => [builder 1/8] FROM docker.io/oven/bun:latest@sha256:9a45ebd9a1e540317  0.0s
[0m[36m => [internal] load build context                                          0.0s
[0m[36m => => transferring context: 18.93kB                                       0.0s
[0m[36m => CACHED [builder 2/8] WORKDIR /app                                      0.0s
[0m[36m => CACHED [builder 3/8] COPY package.json ./                              0.0s
[0m[36m => CACHED [builder 4/8] RUN bun install                                   0.0s
[0m[36m => [builder 5/8] COPY . .                                                 0.1s
[0m => [builder 6/8] RUN bun run db:push                                      0.8s
[?25h[1A[1A[1A[1A[1A[1A[1A[1A[1A[0G[?25l[+] Building 1.6s (10/13)                                  docker:desktop-linux
[36m => [internal] load build context                                          0.0s
[0m[36m => => transferring context: 18.93kB                                       0.0s
[0m[36m => CACHED [builder 2/8] WORKDIR /app                                      0.0s
[0m[36m => CACHED [builder 3/8] COPY package.json ./                              0.0s
[0m[36m => CACHED [builder 4/8] RUN bun install                                   0.0s
[0m[36m => [builder 5/8] COPY . .                                                 0.1s
[0m[36m => [builder 6/8] RUN bun run db:push                                      0.9s
[0m => [builder 7/8] RUN bun run build                                        0.2s
[?25h[1A[1A[1A[1A[1A[1A[1A[1A[1A[0G[?25l[+] Building 1.7s (10/13)                                  docker:desktop-linux
[36m => [internal] load build context                                          0.0s
[0m[36m => => transferring context: 18.93kB                                       0.0s
[0m[36m => CACHED [builder 2/8] WORKDIR /app                                      0.0s
[0m[36m => CACHED [builder 3/8] COPY package.json ./                              0.0s
[0m[36m => CACHED [builder 4/8] RUN bun install                                   0.0s
[0m[36m => [builder 5/8] COPY . .                                                 0.1s
[0m[36m => [builder 6/8] RUN bun run db:push                                      0.9s
[0m => [builder 7/8] RUN bun run build                                        0.3s
[?25h[1A[1A[1A[1A[1A[1A[1A[1A[1A[0G[?25l[+] Building 1.9s (10/13)                                  docker:desktop-linux
[36m => [internal] load build context                                          0.0s
[0m[36m => => transferring context: 18.93kB                                       0.0s
[0m[36m => CACHED [builder 2/8] WORKDIR /app                                      0.0s
[0m[36m => CACHED [builder 3/8] COPY package.json ./                              0.0s
[0m[36m => CACHED [builder 4/8] RUN bun install                                   0.0s
[0m[36m => [builder 5/8] COPY . .                                                 0.1s
[0m[36m => [builder 6/8] RUN bun run db:push                                      0.9s
[0m => [builder 7/8] RUN bun run build                                        0.5s
[?25h[1A[1A[1A[1A[1A[1A[1A[1A[1A[0G[?25l[+] Building 1.9s (10/13)                                  docker:desktop-linux
[36m => [internal] load build context                                          0.0s
[0m[36m => => transferring context: 18.93kB                                       0.0s
[0m[36m => CACHED [builder 2/8] WORKDIR /app                                      0.0s
[0m[36m => CACHED [builder 3/8] COPY package.json ./                              0.0s
[0m[36m => CACHED [builder 4/8] RUN bun install                                   0.0s
[0m[36m => [builder 5/8] COPY . .                                                 0.1s
[0m[36m => [builder 6/8] RUN bun run db:push                                      0.9s
[0m => [builder 7/8] RUN bun run build                                        0.5s
[?25h[1A[1A[1A[1A[1A[1A[1A[1A[1A[0G[?25l[+] Building 2.1s (10/13)                                  docker:desktop-linux
[36m => [internal] load build context                                          0.0s
[0m[36m => => transferring context: 18.93kB                                       0.0s
[0m[36m => CACHED [builder 2/8] WORKDIR /app                                      0.0s
[0m[36m => CACHED [builder 3/8] COPY package.json ./                              0.0s
[0m[36m => CACHED [builder 4/8] RUN bun install                                   0.0s
[0m[36m => [builder 5/8] COPY . .                                                 0.1s
[0m[36m => [builder 6/8] RUN bun run db:push                                      0.9s
[0m => [builder 7/8] RUN bun run build                                        0.7s
[?25h[1A[1A[1A[1A[1A[1A[1A[1A[1A[0G[?25l[+] Building 2.2s (10/13)                                  docker:desktop-linux
[36m => [internal] load build context                                          0.0s
[0m[36m => => transferring context: 18.93kB                                       0.0s
[0m[36m => CACHED [builder 2/8] WORKDIR /app                                      0.0s
[0m[36m => CACHED [builder 3/8] COPY package.json ./                              0.0s
[0m[36m => CACHED [builder 4/8] RUN bun install                                   0.0s
[0m[36m => [builder 5/8] COPY . .                                                 0.1s
[0m[36m => [builder 6/8] RUN bun run db:push                                      0.9s
[0m => [builder 7/8] RUN bun run build                                        0.8s
[?25h[1A[1A[1A[1A[1A[1A[1A[1A[1A[0G[?25l[+] Building 2.4s (10/13)                                  docker:desktop-linux
[36m => [internal] load build context                                          0.0s
[0m[36m => => transferring context: 18.93kB                                       0.0s
[0m[36m => CACHED [builder 2/8] WORKDIR /app                                      0.0s
[0m[36m => CACHED [builder 3/8] COPY package.json ./                              0.0s
[0m[36m => CACHED [builder 4/8] RUN bun install                                   0.0s
[0m[36m => [builder 5/8] COPY . .                                                 0.1s
[0m[36m => [builder 6/8] RUN bun run db:push                                      0.9s
[0m => [builder 7/8] RUN bun run build                                        1.0s
[?25h[1A[1A[1A[1A[1A[1A[1A[1A[1A[0G[?25l[+] Building 2.5s (10/13)                                  docker:desktop-linux
[36m => [internal] load build context                                          0.0s
[0m[36m => => transferring context: 18.93kB                                       0.0s
[0m[36m => CACHED [builder 2/8] WORKDIR /app                                      0.0s
[0m[36m => CACHED [builder 3/8] COPY package.json ./                              0.0s
[0m[36m => CACHED [builder 4/8] RUN bun install                                   0.0s
[0m[36m => [builder 5/8] COPY . .                                                 0.1s
[0m[36m => [builder 6/8] RUN bun run db:push                                      0.9s
[0m => [builder 7/8] RUN bun run build                                        1.1s
[?25h[1A[1A[1A[1A[1A[1A[1A[1A[1A[0G[?25l[+] Building 2.7s (10/13)                                  docker:desktop-linux
[36m => [internal] load build context                                          0.0s
[0m[36m => => transferring context: 18.93kB                                       0.0s
[0m[36m => CACHED [builder 2/8] WORKDIR /app                                      0.0s
[0m[36m => CACHED [builder 3/8] COPY package.json ./                              0.0s
[0m[36m => CACHED [builder 4/8] RUN bun install                                   0.0s
[0m[36m => [builder 5/8] COPY . .                                                 0.1s
[0m[36m => [builder 6/8] RUN bun run db:push                                      0.9s
[0m => [builder 7/8] RUN bun run build                                        1.3s
[?25h[1A[1A[1A[1A[1A[1A[1A[1A[1A[0G[?25l[+] Building 2.8s (10/13)                                  docker:desktop-linux
[36m => [internal] load build context                                          0.0s
[0m[36m => => transferring context: 18.93kB                                       0.0s
[0m[36m => CACHED [builder 2/8] WORKDIR /app                                      0.0s
[0m[36m => CACHED [builder 3/8] COPY package.json ./                              0.0s
[0m[36m => CACHED [builder 4/8] RUN bun install                                   0.0s
[0m[36m => [builder 5/8] COPY . .                                                 0.1s
[0m[36m => [builder 6/8] RUN bun run db:push                                      0.9s
[0m => [builder 7/8] RUN bun run build                                        1.4s
[?25h[1A[1A[1A[1A[1A[1A[1A[1A[1A[0G[?25l[+] Building 3.0s (10/13)                                  docker:desktop-linux
[36m => [internal] load build context                                          0.0s
[0m[36m => => transferring context: 18.93kB                                       0.0s
[0m[36m => CACHED [builder 2/8] WORKDIR /app                                      0.0s
[0m[36m => CACHED [builder 3/8] COPY package.json ./                              0.0s
[0m[36m => CACHED [builder 4/8] RUN bun install                                   0.0s
[0m[36m => [builder 5/8] COPY . .                                                 0.1s
[0m[36m => [builder 6/8] RUN bun run db:push                                      0.9s
[0m => [builder 7/8] RUN bun run build                                        1.6s
[?25h[1A[1A[1A[1A[1A[1A[1A[1A[1A[0G[?25l[+] Building 3.1s (10/13)                                  docker:desktop-linux
[36m => [internal] load build context                                          0.0s
[0m[36m => => transferring context: 18.93kB                                       0.0s
[0m[36m => CACHED [builder 2/8] WORKDIR /app                                      0.0s
[0m[36m => CACHED [builder 3/8] COPY package.json ./                              0.0s
[0m[36m => CACHED [builder 4/8] RUN bun install                                   0.0s
[0m[36m => [builder 5/8] COPY . .                                                 0.1s
[0m[36m => [builder 6/8] RUN bun run db:push                                      0.9s
[0m => [builder 7/8] RUN bun run build                                        1.7s
[?25h[1A[1A[1A[1A[1A[1A[1A[1A[1A[0G[?25l[+] Building 3.3s (10/13)                                  docker:desktop-linux
[36m => [internal] load build context                                          0.0s
[0m[36m => => transferring context: 18.93kB                                       0.0s
[0m[36m => CACHED [builder 2/8] WORKDIR /app                                      0.0s
[0m[36m => CACHED [builder 3/8] COPY package.json ./                              0.0s
[0m[36m => CACHED [builder 4/8] RUN bun install                                   0.0s
[0m[36m => [builder 5/8] COPY . .                                                 0.1s
[0m[36m => [builder 6/8] RUN bun run db:push                                      0.9s
[0m => [builder 7/8] RUN bun run build                                        1.9s
[?25h[1A[1A[1A[1A[1A[1A[1A[1A[1A[0G[?25l[+] Building 3.4s (10/13)                                  docker:desktop-linux
[36m => [internal] load build context                                          0.0s
[0m[36m => => transferring context: 18.93kB                                       0.0s
[0m[36m => CACHED [builder 2/8] WORKDIR /app                                      0.0s
[0m[36m => CACHED [builder 3/8] COPY package.json ./                              0.0s
[0m[36m => CACHED [builder 4/8] RUN bun install                                   0.0s
[0m[36m => [builder 5/8] COPY . .                                                 0.1s
[0m[36m => [builder 6/8] RUN bun run db:push                                      0.9s
[0m => [builder 7/8] RUN bun run build                                        2.0s
[?25h[1A[1A[1A[1A[1A[1A[1A[1A[1A[0G[?25l[+] Building 3.6s (10/13)                                  docker:desktop-linux
[36m => [internal] load build context                                          0.0s
[0m[36m => => transferring context: 18.93kB                                       0.0s
[0m[36m => CACHED [builder 2/8] WORKDIR /app                                      0.0s
[0m[36m => CACHED [builder 3/8] COPY package.json ./                              0.0s
[0m[36m => CACHED [builder 4/8] RUN bun install                                   0.0s
[0m[36m => [builder 5/8] COPY . .                                                 0.1s
[0m[36m => [builder 6/8] RUN bun run db:push                                      0.9s
[0m => [builder 7/8] RUN bun run build                                        2.2s
[?25h[1A[1A[1A[1A[1A[1A[1A[1A[1A[0G[?25l[+] Building 3.7s (10/13)                                  docker:desktop-linux
[36m => [internal] load build context                                          0.0s
[0m[36m => => transferring context: 18.93kB                                       0.0s
[0m[36m => CACHED [builder 2/8] WORKDIR /app                                      0.0s
[0m[36m => CACHED [builder 3/8] COPY package.json ./                              0.0s
[0m[36m => CACHED [builder 4/8] RUN bun install                                   0.0s
[0m[36m => [builder 5/8] COPY . .                                                 0.1s
[0m[36m => [builder 6/8] RUN bun run db:push                                      0.9s
[0m => [builder 7/8] RUN bun run build                                        2.3s
[?25h[1A[1A[1A[1A[1A[1A[1A[1A[1A[0G[?25l[+] Building 3.9s (10/13)                                  docker:desktop-linux
[36m => [internal] load build context                                          0.0s
[0m[36m => => transferring context: 18.93kB                                       0.0s
[0m[36m => CACHED [builder 2/8] WORKDIR /app                                      0.0s
[0m[36m => CACHED [builder 3/8] COPY package.json ./                              0.0s
[0m[36m => CACHED [builder 4/8] RUN bun install                                   0.0s
[0m[36m => [builder 5/8] COPY . .                                                 0.1s
[0m[36m => [builder 6/8] RUN bun run db:push                                      0.9s
[0m => [builder 7/8] RUN bun run build                                        2.5s
[?25h[1A[1A[1A[1A[1A[1A[1A[1A[1A[0G[?25l[+] Building 4.0s (10/13)                                  docker:desktop-linux
[36m => [internal] load build context                                          0.0s
[0m[36m => => transferring context: 18.93kB                                       0.0s
[0m[36m => CACHED [builder 2/8] WORKDIR /app                                      0.0s
[0m[36m => CACHED [builder 3/8] COPY package.json ./                              0.0s
[0m[36m => CACHED [builder 4/8] RUN bun install                                   0.0s
[0m[36m => [builder 5/8] COPY . .                                                 0.1s
[0m[36m => [builder 6/8] RUN bun run db:push                                      0.9s
[0m => [builder 7/8] RUN bun run build                                        2.6s
[?25h[1A[1A[1A[1A[1A[1A[1A[1A[1A[0G[?25l[+] Building 4.2s (10/13)                                  docker:desktop-linux
[36m => [internal] load build context                                          0.0s
[0m[36m => => transferring context: 18.93kB                                       0.0s
[0m[36m => CACHED [builder 2/8] WORKDIR /app                                      0.0s
[0m[36m => CACHED [builder 3/8] COPY package.json ./                              0.0s
[0m[36m => CACHED [builder 4/8] RUN bun install                                   0.0s
[0m[36m => [builder 5/8] COPY . .                                                 0.1s
[0m[36m => [builder 6/8] RUN bun run db:push                                      0.9s
[0m => [builder 7/8] RUN bun run build                                        2.8s
[?25h[1A[1A[1A[1A[1A[1A[1A[1A[1A[0G[?25l[+] Building 4.3s (10/13)                                  docker:desktop-linux
[36m => [internal] load build context                                          0.0s
[0m[36m => => transferring context: 18.93kB                                       0.0s
[0m[36m => CACHED [builder 2/8] WORKDIR /app                                      0.0s
[0m[36m => CACHED [builder 3/8] COPY package.json ./                              0.0s
[0m[36m => CACHED [builder 4/8] RUN bun install                                   0.0s
[0m[36m => [builder 5/8] COPY . .                                                 0.1s
[0m[36m => [builder 6/8] RUN bun run db:push                                      0.9s
[0m => [builder 7/8] RUN bun run build                                        2.9s
[?25h[1A[1A[1A[1A[1A[1A[1A[1A[1A[0G[?25l[+] Building 4.4s (10/13)                                  docker:desktop-linux
[36m => [internal] load build context                                          0.0s
[0m[36m => => transferring context: 18.93kB                                       0.0s
[0m[36m => CACHED [builder 2/8] WORKDIR /app                                      0.0s
[0m[36m => CACHED [builder 3/8] COPY package.json ./                              0.0s
[0m[36m => CACHED [builder 4/8] RUN bun install                                   0.0s
[0m[36m => [builder 5/8] COPY . .                                                 0.1s
[0m[36m => [builder 6/8] RUN bun run db:push                                      0.9s
[0m => [builder 7/8] RUN bun run build                                        3.0s
[?25h[1A[1A[1A[1A[1A[1A[1A[1A[1A[0G[?25l[+] Building 4.6s (10/13)                                  docker:desktop-linux
[36m => [internal] load build context                                          0.0s
[0m[36m => => transferring context: 18.93kB                                       0.0s
[0m[36m => CACHED [builder 2/8] WORKDIR /app                                      0.0s
[0m[36m => CACHED [builder 3/8] COPY package.json ./                              0.0s
[0m[36m => CACHED [builder 4/8] RUN bun install                                   0.0s
[0m[36m => [builder 5/8] COPY . .                                                 0.1s
[0m[36m => [builder 6/8] RUN bun run db:push                                      0.9s
[0m => [builder 7/8] RUN bun run build                                        3.2s
[?25h[1A[1A[1A[1A[1A[1A[1A[1A[1A[0G[?25l[+] Building 4.7s (10/13)                                  docker:desktop-linux
[36m => [internal] load build context                                          0.0s
[0m[36m => => transferring context: 18.93kB                                       0.0s
[0m[36m => CACHED [builder 2/8] WORKDIR /app                                      0.0s
[0m[36m => CACHED [builder 3/8] COPY package.json ./                              0.0s
[0m[36m => CACHED [builder 4/8] RUN bun install                                   0.0s
[0m[36m => [builder 5/8] COPY . .                                                 0.1s
[0m[36m => [builder 6/8] RUN bun run db:push                                      0.9s
[0m => [builder 7/8] RUN bun run build                                        3.3s
[?25h[1A[1A[1A[1A[1A[1A[1A[1A[1A[0G[?25l[+] Building 4.9s (10/13)                                  docker:desktop-linux
[36m => [internal] load build context                                          0.0s
[0m[36m => => transferring context: 18.93kB                                       0.0s
[0m[36m => CACHED [builder 2/8] WORKDIR /app                                      0.0s
[0m[36m => CACHED [builder 3/8] COPY package.json ./                              0.0s
[0m[36m => CACHED [builder 4/8] RUN bun install                                   0.0s
[0m[36m => [builder 5/8] COPY . .                                                 0.1s
[0m[36m => [builder 6/8] RUN bun run db:push                                      0.9s
[0m => [builder 7/8] RUN bun run build                                        3.4s
[?25h[1A[1A[1A[1A[1A[1A[1A[1A[1A[0G[?25l[+] Building 5.0s (11/13)                                  docker:desktop-linux
[36m => [internal] load build definition from Dockerfile                       0.0s
[0m[36m => => transferring dockerfile: 352B                                       0.0s
[0m[36m => [internal] load metadata for docker.io/oven/bun:latest                 0.3s
[0m[36m => [internal] load .dockerignore                                          0.0s
[0m[36m => => transferring context: 74B                                           0.0s
[0m[36m => [builder 1/8] FROM docker.io/oven/bun:latest@sha256:9a45ebd9a1e540317  0.0s
[0m[36m => [internal] load build context                                          0.0s
[0m[36m => => transferring context: 18.93kB                                       0.0s
[0m[36m => CACHED [builder 2/8] WORKDIR /app                                      0.0s
[0m[36m => CACHED [builder 3/8] COPY package.json ./                              0.0s
[0m[36m => CACHED [builder 4/8] RUN bun install                                   0.0s
[0m[36m => [builder 5/8] COPY . .                                                 0.1s
[0m[36m => [builder 6/8] RUN bun run db:push                                      0.9s
[0m[31m => ERROR [builder 7/8] RUN bun run build                                  3.5s
[0m[?25h------
 > [builder 7/8] RUN bun run build:
0.508 $ vite build
1.650 vite v5.4.11 building SSR bundle for production...
1.728 transforming...
2.954 ✓ 157 modules transformed.
3.025 rendering chunks...
3.433 200 |   #onClose(e) {
3.433 201 |     this.#onExitPromise = e.code, this.emit("exit", e.code);
3.433 202 |   }
3.433 203 |   #onError(event) {
3.433 204 |     let error = event?.error;
3.433 205 |       error = new Error(event.message, { cause: event });
3.433                     ^
3.433 error: 78 |       const readYourWrites = opts?.readYourWrites ?? true;
3.433 79 |       this.db = databaseOpenWithRpcSync(path, opts.syncUrl, authToken, encryptionCipher, encryptionKey, syncPeriod, readYourWrites);
3.433 80 |     } else {
3.433 81 |       const authToken = opts?.authToken ?? "";
3.433 82 |       const encryptionKey = opts?.encryptionKey ?? "";
3.433 83 |       this.db = databaseOpen(path, authToken, encryptionCipher, encryptionKey);
3.433                      ^
3.433 error: ConnectionFailed("Unable to open connection to local database db/local.db: 14")
3.433       at new Database (/app/node_modules/libsql/index.js:83:17)
3.433       at _createClient (/app/node_modules/@libsql/client/lib-esm/sqlite3.js:47:16)
3.433       at /app/.svelte-kit/output/server/entries/pages/_page.server.ts.js:6:16
3.433 
3.433  cause: {
3.433   "isTrusted": true
3.433 }
3.433 
3.433       at #onError (node:worker_threads:205:15)
3.434 
3.434 Bun v1.1.42 (Linux x64 baseline)
3.461 error: script "build" exited with code 1
------
